<?xml version="1.0" encoding="UTF-8"?>
<testng-results skipped="0" failed="0" ignored="0" total="3" passed="3">
  <reporter-output>
  </reporter-output>
  <suite name="FREE CRM Application Test Automation Smoke Suite" duration-ms="34335" started-at="2022-05-06T14:44:30 IST" finished-at="2022-05-06T14:45:04 IST">
    <groups>
    </groups>
    <test name="Free CRM Application Test Cases" duration-ms="34335" started-at="2022-05-06T14:44:30 IST" finished-at="2022-05-06T14:45:04 IST">
      <class name="com.crm.qa.TestCases.LoginPageTest">
        <test-method status="PASS" signature="setLog4j()[pri:0, instance:com.crm.qa.TestCases.LoginPageTest@6366ebe0]" name="setLog4j" is-config="true" duration-ms="16" started-at="2022-05-06T14:44:30 IST" finished-at="2022-05-06T14:44:30 IST">
          <reporter-output>
          </reporter-output>
        </test-method> <!-- setLog4j -->
        <test-method status="PASS" signature="setUp()[pri:0, instance:com.crm.qa.TestCases.LoginPageTest@6366ebe0]" name="setUp" is-config="true" duration-ms="11856" started-at="2022-05-06T14:44:30 IST" finished-at="2022-05-06T14:44:42 IST">
          <reporter-output>
          </reporter-output>
        </test-method> <!-- setUp -->
        <test-method status="PASS" signature="loginPageTitleTest()[pri:1, instance:com.crm.qa.TestCases.LoginPageTest@6366ebe0]" name="loginPageTitleTest" duration-ms="31" started-at="2022-05-06T14:44:42 IST" finished-at="2022-05-06T14:44:42 IST">
          <reporter-output>
          </reporter-output>
        </test-method> <!-- loginPageTitleTest -->
        <test-method status="PASS" signature="tearDown()[pri:0, instance:com.crm.qa.TestCases.LoginPageTest@6366ebe0]" name="tearDown" is-config="true" duration-ms="735" started-at="2022-05-06T14:44:42 IST" finished-at="2022-05-06T14:44:43 IST">
          <reporter-output>
          </reporter-output>
        </test-method> <!-- tearDown -->
        <test-method status="PASS" signature="setUp()[pri:0, instance:com.crm.qa.TestCases.LoginPageTest@6366ebe0]" name="setUp" is-config="true" duration-ms="9104" started-at="2022-05-06T14:44:43 IST" finished-at="2022-05-06T14:44:52 IST">
          <reporter-output>
          </reporter-output>
        </test-method> <!-- setUp -->
        <test-method status="PASS" signature="crmLogoImageTest()[pri:2, instance:com.crm.qa.TestCases.LoginPageTest@6366ebe0]" name="crmLogoImageTest" duration-ms="138" started-at="2022-05-06T14:44:52 IST" finished-at="2022-05-06T14:44:52 IST">
          <reporter-output>
          </reporter-output>
        </test-method> <!-- crmLogoImageTest -->
        <test-method status="PASS" signature="tearDown()[pri:0, instance:com.crm.qa.TestCases.LoginPageTest@6366ebe0]" name="tearDown" is-config="true" duration-ms="804" started-at="2022-05-06T14:44:52 IST" finished-at="2022-05-06T14:44:53 IST">
          <reporter-output>
          </reporter-output>
        </test-method> <!-- tearDown -->
        <test-method status="PASS" signature="setUp()[pri:0, instance:com.crm.qa.TestCases.LoginPageTest@6366ebe0]" name="setUp" is-config="true" duration-ms="8779" started-at="2022-05-06T14:44:53 IST" finished-at="2022-05-06T14:45:02 IST">
          <reporter-output>
          </reporter-output>
        </test-method> <!-- setUp -->
        <test-method status="PASS" signature="loginTest()[pri:3, instance:com.crm.qa.TestCases.LoginPageTest@6366ebe0]" name="loginTest" duration-ms="1858" started-at="2022-05-06T14:45:02 IST" finished-at="2022-05-06T14:45:04 IST">
          <reporter-output>
          </reporter-output>
        </test-method> <!-- loginTest -->
        <test-method status="PASS" signature="tearDown()[pri:0, instance:com.crm.qa.TestCases.LoginPageTest@6366ebe0]" name="tearDown" is-config="true" duration-ms="788" started-at="2022-05-06T14:45:04 IST" finished-at="2022-05-06T14:45:04 IST">
          <reporter-output>
          </reporter-output>
        </test-method> <!-- tearDown -->
        <test-method status="PASS" signature="endReport()[pri:0, instance:com.crm.qa.TestCases.LoginPageTest@6366ebe0]" name="endReport" is-config="true" duration-ms="0" started-at="2022-05-06T14:45:04 IST" finished-at="2022-05-06T14:45:04 IST">
          <reporter-output>
          </reporter-output>
        </test-method> <!-- endReport -->
      </class> <!-- com.crm.qa.TestCases.LoginPageTest -->
    </test> <!-- Free CRM Application Test Cases -->
  </suite> <!-- FREE CRM Application Test Automation Smoke Suite -->
</testng-results>
