<?xml version="1.0" encoding="UTF-8"?>
<!-- Generated by org.testng.reporters.JUnitXMLReporter -->
<testsuite hostname="LAPTOP-8ONRQ0OO" ignored="6" name="Test" tests="13" failures="0" timestamp="2022-05-05T23:01:00 IST" time="1.101" errors="0">
  <testcase name="@BeforeMethod setUp" time="0.001" classname="com.crm.qa.TestCases.LoginPageTest">
    <failure type="java.lang.NullPointerException">
      <![CDATA[java.lang.NullPointerException
at com.crm.qa.BaseClass.TestBase.initialization(TestBase.java:64)
at com.crm.qa.TestCases.LoginPageTest.setUp(LoginPageTest.java:25)
at java.util.ArrayList.forEach(ArrayList.java:1249)
... Removed 31 stack frames]]>
    </failure>
  </testcase> <!-- @BeforeMethod setUp -->
  <testcase name="@AfterMethod tearDown" time="0.001" classname="com.crm.qa.BaseClass.TestBase">
    <failure type="java.lang.NullPointerException">
      <![CDATA[java.lang.NullPointerException
at com.crm.qa.BaseClass.TestBase.tearDown(TestBase.java:110)
at java.util.ArrayList.forEach(ArrayList.java:1249)
... Removed 32 stack frames]]>
    </failure>
  </testcase> <!-- @AfterMethod tearDown -->
  <testcase name="@BeforeMethod setUp" time="0.001" classname="com.crm.qa.TestCases.LoginPageTest">
    <failure type="java.lang.NullPointerException">
      <![CDATA[java.lang.NullPointerException
at com.crm.qa.BaseClass.TestBase.initialization(TestBase.java:64)
at com.crm.qa.TestCases.LoginPageTest.setUp(LoginPageTest.java:25)
at java.util.ArrayList.forEach(ArrayList.java:1249)
... Removed 31 stack frames]]>
    </failure>
  </testcase> <!-- @BeforeMethod setUp -->
  <testcase name="@AfterMethod tearDown" time="0.001" classname="com.crm.qa.BaseClass.TestBase">
    <failure type="java.lang.NullPointerException">
      <![CDATA[java.lang.NullPointerException
at com.crm.qa.BaseClass.TestBase.tearDown(TestBase.java:110)
at java.util.ArrayList.forEach(ArrayList.java:1249)
... Removed 32 stack frames]]>
    </failure>
  </testcase> <!-- @AfterMethod tearDown -->
  <testcase name="@BeforeMethod setUp" time="0.001" classname="com.crm.qa.TestCases.LoginPageTest">
    <failure type="java.lang.NullPointerException">
      <![CDATA[java.lang.NullPointerException
at com.crm.qa.BaseClass.TestBase.initialization(TestBase.java:64)
at com.crm.qa.TestCases.LoginPageTest.setUp(LoginPageTest.java:25)
at java.util.ArrayList.forEach(ArrayList.java:1249)
... Removed 31 stack frames]]>
    </failure>
  </testcase> <!-- @BeforeMethod setUp -->
  <testcase name="@AfterMethod tearDown" time="0.001" classname="com.crm.qa.BaseClass.TestBase">
    <failure type="java.lang.NullPointerException">
      <![CDATA[java.lang.NullPointerException
at com.crm.qa.BaseClass.TestBase.tearDown(TestBase.java:110)
at java.util.ArrayList.forEach(ArrayList.java:1249)
... Removed 32 stack frames]]>
    </failure>
  </testcase> <!-- @AfterMethod tearDown -->
  <testcase name="@BeforeMethod setUp" time="0.001" classname="com.crm.qa.TestCases.HomePageTest">
    <failure type="java.lang.NullPointerException">
      <![CDATA[java.lang.NullPointerException
at com.crm.qa.BaseClass.TestBase.initialization(TestBase.java:64)
at com.crm.qa.TestCases.HomePageTest.setUp(HomePageTest.java:31)
at java.util.ArrayList.forEach(ArrayList.java:1249)
... Removed 31 stack frames]]>
    </failure>
  </testcase> <!-- @BeforeMethod setUp -->
  <testcase name="@AfterMethod tearDown" time="0.001" classname="com.crm.qa.BaseClass.TestBase">
    <failure type="java.lang.NullPointerException">
      <![CDATA[java.lang.NullPointerException
at com.crm.qa.BaseClass.TestBase.tearDown(TestBase.java:110)
at java.util.ArrayList.forEach(ArrayList.java:1249)
... Removed 32 stack frames]]>
    </failure>
  </testcase> <!-- @AfterMethod tearDown -->
  <testcase name="@BeforeMethod setUp" time="0.005" classname="com.crm.qa.TestCases.HomePageTest">
    <failure type="java.lang.NullPointerException">
      <![CDATA[java.lang.NullPointerException
at com.crm.qa.BaseClass.TestBase.initialization(TestBase.java:64)
at com.crm.qa.TestCases.HomePageTest.setUp(HomePageTest.java:31)
at java.util.ArrayList.forEach(ArrayList.java:1249)
... Removed 31 stack frames]]>
    </failure>
  </testcase> <!-- @BeforeMethod setUp -->
  <testcase name="@AfterMethod tearDown" time="0.0" classname="com.crm.qa.BaseClass.TestBase">
    <failure type="java.lang.NullPointerException">
      <![CDATA[java.lang.NullPointerException
at com.crm.qa.BaseClass.TestBase.tearDown(TestBase.java:110)
at java.util.ArrayList.forEach(ArrayList.java:1249)
... Removed 32 stack frames]]>
    </failure>
  </testcase> <!-- @AfterMethod tearDown -->
  <testcase name="@BeforeMethod setUp" time="0.0" classname="com.crm.qa.TestCases.HomePageTest">
    <failure type="java.lang.NullPointerException">
      <![CDATA[java.lang.NullPointerException
at com.crm.qa.BaseClass.TestBase.initialization(TestBase.java:64)
at com.crm.qa.TestCases.HomePageTest.setUp(HomePageTest.java:31)
at java.util.ArrayList.forEach(ArrayList.java:1249)
... Removed 31 stack frames]]>
    </failure>
  </testcase> <!-- @BeforeMethod setUp -->
  <testcase name="@AfterMethod tearDown" time="0.002" classname="com.crm.qa.BaseClass.TestBase">
    <failure type="java.lang.NullPointerException">
      <![CDATA[java.lang.NullPointerException
at com.crm.qa.BaseClass.TestBase.tearDown(TestBase.java:110)
at java.util.ArrayList.forEach(ArrayList.java:1249)
... Removed 32 stack frames]]>
    </failure>
  </testcase> <!-- @AfterMethod tearDown -->
  <testcase name="@BeforeMethod setUp" time="0.001" classname="com.crm.qa.TestCases.HomePageTest">
    <failure type="java.lang.NullPointerException">
      <![CDATA[java.lang.NullPointerException
at com.crm.qa.BaseClass.TestBase.initialization(TestBase.java:64)
at com.crm.qa.TestCases.HomePageTest.setUp(HomePageTest.java:31)
at java.util.ArrayList.forEach(ArrayList.java:1249)
... Removed 31 stack frames]]>
    </failure>
  </testcase> <!-- @BeforeMethod setUp -->
  <testcase name="@AfterMethod tearDown" time="0.0" classname="com.crm.qa.BaseClass.TestBase">
    <failure type="java.lang.NullPointerException">
      <![CDATA[java.lang.NullPointerException
at com.crm.qa.BaseClass.TestBase.tearDown(TestBase.java:110)
at java.util.ArrayList.forEach(ArrayList.java:1249)
... Removed 32 stack frames]]>
    </failure>
  </testcase> <!-- @AfterMethod tearDown -->
  <testcase name="@BeforeMethod setUp" time="0.005" classname="com.crm.qa.TestCases.ContactsPageTest">
    <failure type="java.lang.NullPointerException">
      <![CDATA[java.lang.NullPointerException
at com.crm.qa.BaseClass.TestBase.initialization(TestBase.java:64)
at com.crm.qa.TestCases.ContactsPageTest.setUp(ContactsPageTest.java:33)
at java.util.ArrayList.forEach(ArrayList.java:1249)
... Removed 31 stack frames]]>
    </failure>
  </testcase> <!-- @BeforeMethod setUp -->
  <testcase name="@AfterMethod tearDown" time="0.0" classname="com.crm.qa.BaseClass.TestBase">
    <failure type="java.lang.NullPointerException">
      <![CDATA[java.lang.NullPointerException
at com.crm.qa.BaseClass.TestBase.tearDown(TestBase.java:110)
at java.util.ArrayList.forEach(ArrayList.java:1249)
... Removed 32 stack frames]]>
    </failure>
  </testcase> <!-- @AfterMethod tearDown -->
  <testcase name="@BeforeMethod setUp" time="0.001" classname="com.crm.qa.TestCases.ContactsPageTest">
    <failure type="java.lang.NullPointerException">
      <![CDATA[java.lang.NullPointerException
at com.crm.qa.BaseClass.TestBase.initialization(TestBase.java:64)
at com.crm.qa.TestCases.ContactsPageTest.setUp(ContactsPageTest.java:33)
at java.util.ArrayList.forEach(ArrayList.java:1249)
... Removed 31 stack frames]]>
    </failure>
  </testcase> <!-- @BeforeMethod setUp -->
  <testcase name="@AfterMethod tearDown" time="0.001" classname="com.crm.qa.BaseClass.TestBase">
    <failure type="java.lang.NullPointerException">
      <![CDATA[java.lang.NullPointerException
at com.crm.qa.BaseClass.TestBase.tearDown(TestBase.java:110)
at java.util.ArrayList.forEach(ArrayList.java:1249)
... Removed 32 stack frames]]>
    </failure>
  </testcase> <!-- @AfterMethod tearDown -->
  <testcase name="@BeforeMethod setUp" time="0.001" classname="com.crm.qa.TestCases.ContactsPageTest">
    <failure type="java.lang.NullPointerException">
      <![CDATA[java.lang.NullPointerException
at com.crm.qa.BaseClass.TestBase.initialization(TestBase.java:64)
at com.crm.qa.TestCases.ContactsPageTest.setUp(ContactsPageTest.java:33)
at java.util.ArrayList.forEach(ArrayList.java:1249)
... Removed 31 stack frames]]>
    </failure>
  </testcase> <!-- @BeforeMethod setUp -->
  <testcase name="@AfterMethod tearDown" time="0.003" classname="com.crm.qa.BaseClass.TestBase">
    <failure type="java.lang.NullPointerException">
      <![CDATA[java.lang.NullPointerException
at com.crm.qa.BaseClass.TestBase.tearDown(TestBase.java:110)
at java.util.ArrayList.forEach(ArrayList.java:1249)
... Removed 32 stack frames]]>
    </failure>
  </testcase> <!-- @AfterMethod tearDown -->
  <testcase name="@BeforeMethod setUp" time="0.0" classname="com.crm.qa.TestCases.ContactsPageTest">
    <failure type="java.lang.NullPointerException">
      <![CDATA[java.lang.NullPointerException
at com.crm.qa.BaseClass.TestBase.initialization(TestBase.java:64)
at com.crm.qa.TestCases.ContactsPageTest.setUp(ContactsPageTest.java:33)
at java.util.ArrayList.forEach(ArrayList.java:1249)
... Removed 31 stack frames]]>
    </failure>
  </testcase> <!-- @BeforeMethod setUp -->
  <testcase name="@AfterMethod tearDown" time="0.001" classname="com.crm.qa.BaseClass.TestBase">
    <failure type="java.lang.NullPointerException">
      <![CDATA[java.lang.NullPointerException
at com.crm.qa.BaseClass.TestBase.tearDown(TestBase.java:110)
at java.util.ArrayList.forEach(ArrayList.java:1249)
... Removed 32 stack frames]]>
    </failure>
  </testcase> <!-- @AfterMethod tearDown -->
  <testcase name="@BeforeMethod setUp" time="0.001" classname="com.crm.qa.TestCases.ContactsPageTest">
    <failure type="java.lang.NullPointerException">
      <![CDATA[java.lang.NullPointerException
at com.crm.qa.BaseClass.TestBase.initialization(TestBase.java:64)
at com.crm.qa.TestCases.ContactsPageTest.setUp(ContactsPageTest.java:33)
at java.util.ArrayList.forEach(ArrayList.java:1249)
... Removed 31 stack frames]]>
    </failure>
  </testcase> <!-- @BeforeMethod setUp -->
  <testcase name="@AfterMethod tearDown" time="0.001" classname="com.crm.qa.BaseClass.TestBase">
    <failure type="java.lang.NullPointerException">
      <![CDATA[java.lang.NullPointerException
at com.crm.qa.BaseClass.TestBase.tearDown(TestBase.java:110)
at java.util.ArrayList.forEach(ArrayList.java:1249)
... Removed 32 stack frames]]>
    </failure>
  </testcase> <!-- @AfterMethod tearDown -->
  <testcase name="@BeforeMethod setUp" time="0.001" classname="com.crm.qa.TestCases.ContactsPageTest">
    <failure type="java.lang.NullPointerException">
      <![CDATA[java.lang.NullPointerException
at com.crm.qa.BaseClass.TestBase.initialization(TestBase.java:64)
at com.crm.qa.TestCases.ContactsPageTest.setUp(ContactsPageTest.java:33)
at java.util.ArrayList.forEach(ArrayList.java:1249)
... Removed 31 stack frames]]>
    </failure>
  </testcase> <!-- @BeforeMethod setUp -->
  <testcase name="@AfterMethod tearDown" time="0.008" classname="com.crm.qa.BaseClass.TestBase">
    <failure type="java.lang.NullPointerException">
      <![CDATA[java.lang.NullPointerException
at com.crm.qa.BaseClass.TestBase.tearDown(TestBase.java:110)
at java.util.ArrayList.forEach(ArrayList.java:1249)
... Removed 32 stack frames]]>
    </failure>
  </testcase> <!-- @AfterMethod tearDown -->
  <testcase name="@AfterTest endReport" time="0.0" classname="com.crm.qa.BaseClass.TestBase">
    <skipped/>
  </testcase> <!-- @AfterTest endReport -->
  <testcase name="loginPageTitleTest" time="0.0" classname="com.crm.qa.TestCases.LoginPageTest">
    <skipped/>
  </testcase> <!-- loginPageTitleTest -->
  <testcase name="crmLogoImageTest" time="0.0" classname="com.crm.qa.TestCases.LoginPageTest">
    <skipped/>
  </testcase> <!-- crmLogoImageTest -->
  <testcase name="loginTest" time="0.0" classname="com.crm.qa.TestCases.LoginPageTest">
    <skipped/>
  </testcase> <!-- loginTest -->
  <testcase name="verifyHomePageTitleTest" time="0.0" classname="com.crm.qa.TestCases.HomePageTest">
    <skipped/>
  </testcase> <!-- verifyHomePageTitleTest -->
  <testcase name="verifyUserNameTest" time="0.0" classname="com.crm.qa.TestCases.HomePageTest">
    <skipped/>
  </testcase> <!-- verifyUserNameTest -->
  <testcase name="verifyContactsLinkTest" time="0.0" classname="com.crm.qa.TestCases.HomePageTest">
    <skipped/>
  </testcase> <!-- verifyContactsLinkTest -->
  <testcase name="verifyDealsPageLinkTest" time="0.0" classname="com.crm.qa.TestCases.HomePageTest">
    <skipped/>
  </testcase> <!-- verifyDealsPageLinkTest -->
  <testcase name="verifyContactsPageLabelTest" time="0.0" classname="com.crm.qa.TestCases.ContactsPageTest">
    <skipped/>
  </testcase> <!-- verifyContactsPageLabelTest -->
  <testcase name="selectSingleContactsTest" time="0.0" classname="com.crm.qa.TestCases.ContactsPageTest">
    <skipped/>
  </testcase> <!-- selectSingleContactsTest -->
  <testcase name="selectMultipleContactsTest" time="0.0" classname="com.crm.qa.TestCases.ContactsPageTest">
    <skipped/>
  </testcase> <!-- selectMultipleContactsTest -->
  <testcase name="validateCreateNewContactTest" time="0.0" classname="com.crm.qa.TestCases.ContactsPageTest">
    <skipped/>
  </testcase> <!-- validateCreateNewContactTest -->
  <testcase name="validateCreateNewContactTest" time="0.0" classname="com.crm.qa.TestCases.ContactsPageTest">
    <skipped/>
  </testcase> <!-- validateCreateNewContactTest -->
  <testcase name="validateCreateNewContactTest" time="0.0" classname="com.crm.qa.TestCases.ContactsPageTest">
    <skipped/>
  </testcase> <!-- validateCreateNewContactTest -->
  <testcase name="@BeforeTest setLog4j" time="0.0" classname="com.crm.qa.BaseClass.TestBase">
    <ignored/>
  </testcase> <!-- @BeforeTest setLog4j -->
  <testcase name="@BeforeTest setLog4j" time="0.0" classname="com.crm.qa.BaseClass.TestBase">
    <ignored/>
  </testcase> <!-- @BeforeTest setLog4j -->
  <testcase name="@AfterTest endReport" time="0.0" classname="com.crm.qa.BaseClass.TestBase">
    <ignored/>
  </testcase> <!-- @AfterTest endReport -->
  <testcase name="@AfterTest endReport" time="0.0" classname="com.crm.qa.BaseClass.TestBase">
    <ignored/>
  </testcase> <!-- @AfterTest endReport -->
  <testcase name="@AfterTest endReport" time="0.0" classname="com.crm.qa.BaseClass.TestBase">
    <ignored/>
  </testcase> <!-- @AfterTest endReport -->
  <testcase name="@BeforeTest setLog4j" time="0.0" classname="com.crm.qa.BaseClass.TestBase">
    <ignored/>
  </testcase> <!-- @BeforeTest setLog4j -->
</testsuite> <!-- Test -->
