<?xml version="1.0" encoding="UTF-8"?>
<!-- Generated by org.testng.reporters.JUnitXMLReporter -->
<testsuite hostname="LAPTOP-8ONRQ0OO" ignored="0" name="Free CRM Application Test Cases" tests="3" failures="0" timestamp="2022-05-06T14:45:05 IST" time="34.335" errors="0">
  <testcase name="loginPageTitleTest" time="0.031" classname="com.crm.qa.TestCases.LoginPageTest"/>
  <testcase name="crmLogoImageTest" time="0.138" classname="com.crm.qa.TestCases.LoginPageTest"/>
  <testcase name="loginTest" time="1.858" classname="com.crm.qa.TestCases.LoginPageTest"/>
</testsuite> <!-- Free CRM Application Test Cases -->
